Log started at 1.8.2018	10:19:9
Number of used processors (NPROC): 8.
Number of mesh partitions (NPART): 8.
Total Physical Memory = 63.97 Gb, Available Physical Memory = 56.32 Gb
Computer name:	DESKTOP-MH5ULCV
Operating system:	Windows 10 (or higher) (Version 10.0.17134)

SOLIDWORKS 2018 SP3.0
Flow Simulation 2018  x64 / 4173 / MESHER ver. efd_17_2.4172_01.03.2018 

Project: C:\Users\Open AG\Documents\GitHub\openag-mechanical\prj\germinator v3\2\2.xmlconfig

Mesh generation started:	1.8.2018	10:19:9
Current CPU = 0 sec
-----------------------------------------------------------------------
Geometries initialization:

Geometry database loading ...OK
-----------------------------------------------------------------------
Loading mesh settings (global/local)...
-----------------------------------------------------------------------
Number of geometries: 1
Geometry(0):
	Fluid..
	1 Body.
	1 Real body.
	Tolerance=9.51865e-05.
	799 Face(s).
		799 of b-spline type.
	58362 Triangle(s).
	0 Face(s) that have no ref faces
	227 Plane surface(s).
	342 Cylinder surface(s).
	108 Sphere surface(s).
	108 Torus surface(s).
	4 Blending surface(s).
	10 Extrude surface(s).
	1905 Edge(s).
		1905 of b-spline type.
	Geometry reading: 0.047 s.
	793 Reference Face(s).
	58350 Reference Triangles.
	GeometryRef reading: 0.043 s.
Last Geometry:
	Solid.
	Making hash and connectivity for geometry 0...
		CBodyGeom:
		Hash size: {64, 32, 64}.
		Mesh size: {64, 8, 32}.
		Hashing triangles...Ok.
			axis(0) tr sizes: average=82 max=4174
			axis(1) tr sizes: average=39 max=548
			axis(2) tr sizes: average=58 max=1950
		Making triangles connectivity...Ok. (0.222 s).
		Neighbour triangles: 99.88 % (good connect) - 0.12 % (bad connect). Min: 1. Max: 3.
		Done.
		Number of t-connected sets:12
			(0) size=12
			(1) size=58280
			(2) size=14
			(3) size=58280
			(4) size=14
			(5) size=58280
			(6) size=14
			(7) size=58280
			(8) size=14
			(9) size=58280
			(10) size=14
			(11) size=58280 cavity
		Done.
		CBodyGeomRef:
		Hashing triangles...Ok.
			axis(0) tr sizes: average=386 max=6154
			axis(1) tr sizes: average=59 max=547
			axis(2) tr sizes: average=183 max=2472
		Making triangles connectivity...Ok. (0.115 s).
		Neighbour triangles: Min: 1. Max: 3.
		Done.
		Done.
	0.326 s.
Geometries reading and preparing has taken 0.434 s.

Mapped triangles:
Hashing geometries triangles
	Triangles num=58292
	Triangles box={-0.658597  ,0.658597  ,-0.17371  ,0.00416468  ,-0.32343  ,0.32343  }
		3d-hash size is 566856 bytes
		Making triangles connectivity...Ok. (0.180 s).
		Neighbour triangles: 100.00 % (good connect) - 0.00 % (bad connect). Min: 3. Max: 3.
Hashing peculiar surfaces triangles
	Triangles num=34
	Triangles box={-0.655971  ,-0.655971  ,-0.06561  ,-0.0379221  ,-0.0138953  ,0.0138953  }
		3d-hash size is 65848 bytes
	Triangles num=34
	Triangles box={-0.655971  ,-0.655971  ,-0.06561  ,-0.0379221  ,0.189305  ,0.217095  }
		3d-hash size is 65852 bytes
	Triangles num=34
	Triangles box={-0.655971  ,-0.655971  ,-0.06561  ,-0.0379221  ,0.0877047  ,0.115495  }
		3d-hash size is 65852 bytes
	Triangles num=34
	Triangles box={-0.655971  ,-0.655971  ,-0.06561  ,-0.0379221  ,-0.217095  ,-0.189305  }
		3d-hash size is 65852 bytes
	Triangles num=34
	Triangles box={-0.655971  ,-0.655971  ,-0.0656107  ,-0.0379213  ,-0.115496  ,-0.0877039  }
		3d-hash size is 65852 bytes
	Triangles num=34
	Triangles box={0.655971  ,0.655971  ,-0.0656101  ,-0.0379219  ,-0.0138954  ,0.0138954  }
		3d-hash size is 65852 bytes
	Triangles num=34
	Triangles box={0.655971  ,0.655971  ,-0.0656101  ,-0.0379219  ,0.189305  ,0.217095  }
		3d-hash size is 65852 bytes
	Triangles num=34
	Triangles box={0.655971  ,0.655971  ,-0.0656101  ,-0.0379219  ,-0.217095  ,-0.189305  }
		3d-hash size is 65852 bytes
	Triangles num=34
	Triangles box={0.655971  ,0.655971  ,-0.0656101  ,-0.0379219  ,-0.115495  ,-0.0877046  }
		3d-hash size is 65852 bytes
	Triangles num=34
	Triangles box={0.655971  ,0.655971  ,-0.0656101  ,-0.0379219  ,0.0877046  ,0.115495  }
		3d-hash size is 65852 bytes
	Triangles num=26
	Triangles box={-0.62694  ,0.62694  ,0.00381  ,0.00381  ,-0.32214  ,0.32214  }
		3d-hash size is 74924 bytes
Mapped triangles processed in 0.234 s.
-----------------------------------------------------------------------
Getting sectors:
Number of sectors: 0
-----------------------------------------------------------------------
-----------------------------------------------------------------------

Current CPU = 1 sec

-----------------------------------------------------------------------
Mesh dimensions:
				I[0 ]=64
				I[1 ]=8
				I[2 ]=32

Comp. domain size:
				a[0  ]=-0.657283
				a[1  ]=0.657283
				a[2  ]=-0.173532
				a[3  ]=0.00398717
				a[4  ]=-0.322785
				a[5  ]=0.322785

Fluid calculated			1
Solid calculated			0
-----------------------------------------------------------------------
MESH: distribute base bricks among sub-meshes...
	Base bricks count               16384
	Sub-meshes  count               8
	Base bricks count per sub-mesh  2048 (+0)
	Sub-mesh 0: 2048 base brick(s), range [0, 7]-[0, 7]-[0, 31]
	Sub-mesh 1: 2048 base brick(s), range [8, 15]-[0, 7]-[0, 31]
	Sub-mesh 2: 2048 base brick(s), range [16, 23]-[0, 7]-[0, 31]
	Sub-mesh 3: 2048 base brick(s), range [24, 31]-[0, 7]-[0, 31]
	Sub-mesh 4: 2048 base brick(s), range [32, 39]-[0, 7]-[0, 31]
	Sub-mesh 5: 2048 base brick(s), range [40, 47]-[0, 7]-[0, 31]
	Sub-mesh 6: 2048 base brick(s), range [48, 55]-[0, 7]-[0, 31]
	Sub-mesh 7: 2048 base brick(s), range [56, 63]-[0, 7]-[0, 31]
-----------------------------------------------------------------------
-----------------------------------------------------------------------
MESH: collecting ghosts in sub-meshes...
	Sub-mesh 0:
		Total  brick(s) 2304
		Native brick(s) 2048
		Inner  brick(s) 1792
		Outer  brick(s) 256
		Ghost  brick(s) 256
	Sub-mesh 1:
		Total  brick(s) 2560
		Native brick(s) 2048
		Inner  brick(s) 1536
		Outer  brick(s) 512
		Ghost  brick(s) 512
	Sub-mesh 2:
		Total  brick(s) 2560
		Native brick(s) 2048
		Inner  brick(s) 1536
		Outer  brick(s) 512
		Ghost  brick(s) 512
	Sub-mesh 3:
		Total  brick(s) 2560
		Native brick(s) 2048
		Inner  brick(s) 1536
		Outer  brick(s) 512
		Ghost  brick(s) 512
	Sub-mesh 4:
		Total  brick(s) 2560
		Native brick(s) 2048
		Inner  brick(s) 1536
		Outer  brick(s) 512
		Ghost  brick(s) 512
	Sub-mesh 5:
		Total  brick(s) 2560
		Native brick(s) 2048
		Inner  brick(s) 1536
		Outer  brick(s) 512
		Ghost  brick(s) 512
	Sub-mesh 6:
		Total  brick(s) 2560
		Native brick(s) 2048
		Inner  brick(s) 1536
		Outer  brick(s) 512
		Ghost  brick(s) 512
	Sub-mesh 7:
		Total  brick(s) 2304
		Native brick(s) 2048
		Inner  brick(s) 1792
		Outer  brick(s) 256
		Ghost  brick(s) 256
	Total brick(s) 16384
-----------------------------------------------------------------------
Setting regions...OK (0.001 s)
Base mesh info------------------
	2D flag  =0
	Period   =[0, 0, 0]
	Nx=64
		x[0]=-0.657283
		x[1]=-0.636736
		x[2]=-0.616196
		x[3]=-0.595656
		x[4]=-0.575116
		x[5]=-0.554576
		x[6]=-0.534036
		x[7]=-0.513496
		x[8]=-0.492955
		x[9]=-0.472415
		x[10]=-0.451875
		x[11]=-0.431335
		x[12]=-0.410795
		x[13]=-0.390255
		x[14]=-0.369715
		x[15]=-0.349175
		x[16]=-0.328635
		x[17]=-0.308095
		x[18]=-0.287555
		x[19]=-0.267015
		x[20]=-0.246475
		x[21]=-0.225934
		x[22]=-0.205394
		x[23]=-0.184854
		x[24]=-0.164314
		x[25]=-0.143774
		x[26]=-0.123234
		x[27]=-0.102694
		x[28]=-0.0821539
		x[29]=-0.0616138
		x[30]=-0.0410737
		x[31]=-0.0205336
		x[32]=6.4421e-06
		x[33]=0.0205465
		x[34]=0.0410866
		x[35]=0.0616267
		x[36]=0.0821668
		x[37]=0.102707
		x[38]=0.123247
		x[39]=0.143787
		x[40]=0.164327
		x[41]=0.184867
		x[42]=0.205407
		x[43]=0.225947
		x[44]=0.246487
		x[45]=0.267027
		x[46]=0.287568
		x[47]=0.308108
		x[48]=0.328648
		x[49]=0.349188
		x[50]=0.369728
		x[51]=0.390268
		x[52]=0.410808
		x[53]=0.431348
		x[54]=0.451888
		x[55]=0.472428
		x[56]=0.492968
		x[57]=0.513508
		x[58]=0.534049
		x[59]=0.554589
		x[60]=0.575129
		x[61]=0.595669
		x[62]=0.616209
		x[63]=0.636749
		x[64]=0.657283
	Ny=8
		y[0]=-0.173532
		y[1]=-0.151336
		y[2]=-0.129146
		y[3]=-0.106956
		y[4]=-0.0847665
		y[5]=-0.0625766
		y[6]=-0.0403866
		y[7]=-0.0181967
		y[8]=0.00398717
	Nz=32
		z[0]=-0.322785
		z[1]=-0.302606
		z[2]=-0.282432
		z[3]=-0.262258
		z[4]=-0.242084
		z[5]=-0.22191
		z[6]=-0.201736
		z[7]=-0.181562
		z[8]=-0.161388
		z[9]=-0.141214
		z[10]=-0.12104
		z[11]=-0.100866
		z[12]=-0.0806915
		z[13]=-0.0605175
		z[14]=-0.0403434
		z[15]=-0.0201694
		z[16]=4.64418e-06
		z[17]=0.0201787
		z[18]=0.0403527
		z[19]=0.0605268
		z[20]=0.0807008
		z[21]=0.100875
		z[22]=0.121049
		z[23]=0.141223
		z[24]=0.161397
		z[25]=0.181571
		z[26]=0.201745
		z[27]=0.221919
		z[28]=0.242093
		z[29]=0.262267
		z[30]=0.282441
		z[31]=0.302615
		z[32]=0.322785
End of base mesh info---------
Input_mesh_settings--------------------------------
Settings 0----------------
	Scope: GLOBAL
	Type:	------MESHER_SETTINGS----------
	RefAllCells           =0
	RefFluidCells         =0
	RefPartCells          =0
	RefSolidCells         =0
	l_SSFR(Capture crit)  =2
	l_curv(Curvature crit)=0
	l_tol(Tolerance crit) =2
	  k_tol               =0.00700617
	UseChannelRef         =1
	  NCR_method          =0
	  l_NCR               =2
	  N_gap               =10
	  Use d_NCR_min       =0
	  Use d_NCR_max       =0
	IgnoreThinChannelsHeight         =0
	--END_OF_MESHER_SETTINGS-------
End of input mesh settings-------------------------

-----------------------------------------------------------------------
Building geometries:
Building geometry Fluid.0.(0)...

-----------------------------------------------------------------------
Refining by triangulation...
Refinement input: 16384 bricks
Setting regions...OK (0.002 s)
	Re-balancing...
	Send and create bricks on destination sub meshes...
	Collecting ghosts...
	Balancing finished.
Setting regions...OK (0.003 s)
	Re-balancing...
	Send and create bricks on destination sub meshes...
	Collecting ghosts...
	Balancing finished.
Refinement result: 41157 bricks (0.178 s)
Refinement input: 41157 bricks
Refinement result: 41157 bricks (0.004 s)
Collecting and processing rays...OK (0.106 s)
Capturing...OK (0.007 s)
Refining by triangulation takes 0.294 s
-----------------------------------------------------------------------

-----------------------------------------------------------------------
Refining peculiar surfaces...
0 surfaces refined
Refining peculiar surfaces takes 0.027 s
-----------------------------------------------------------------------
Collecting and processing rays...OK (0.001 s)
Capturing...OK (0.000 s)
Collecting and processing rays...OK (0.001 s)
Capturing...OK (0.000 s)
Collecting and processing rays...OK (0.001 s)
Capturing...OK (0.000 s)

-----------------------------------------------------------------------
Base mesh 1 Refining...
Refinement input: 41157 bricks
Refinement result: 41157 bricks (0.002 s)
Collecting and processing rays...OK (0.001 s)
Capturing...OK (0.000 s)
-----------------------------------------------------------------------
Refining channels...
FYI: CNarrowChannelRefiner::RefineChannels_PRLL: m_submesh_count=8
Refinement input: 41157 bricks
Setting regions...OK (0.010 s)
	Re-balancing...
	Send and create bricks on destination sub meshes...
	Collecting ghosts...
	Balancing finished.
Refinement result: 116246 bricks (0.062 s)
Collecting and processing rays...OK (0.056 s)
Capturing...OK (0.015 s)
FYI: m_iteration_count = 0
FYI: level1 statistics:
     level1_cnt_plus[1]=85816;		level1_cnt_minus[1]=0
     level1_cnt_plus[2]=0;		level1_cnt_minus[2]=0
     level1_cnt_plus[3]=0;		level1_cnt_minus[3]=0
     level1_cnt_plus[4]=0;		level1_cnt_minus[4]=0
     level1_cnt_plus[5]=0;		level1_cnt_minus[5]=0
     level1_cnt_plus[6]=0;		level1_cnt_minus[6]=0
     level1_cnt_plus[7]=0;		level1_cnt_minus[7]=0
     level1_cnt_plus[8]=0;		level1_cnt_minus[8]=0
     level1_cnt_plus[9]=0;		level1_cnt_minus[9]=0
Refinement input: 116246 bricks
Setting regions...OK (0.009 s)
Refinement result: 116757 bricks (0.026 s)
Collecting and processing rays...OK (0.004 s)
Capturing...OK (0.002 s)
FYI: m_iteration_count = 1
FYI: level1 statistics:
     level1_cnt_plus[1]=86400;		level1_cnt_minus[1]=0
     level1_cnt_plus[2]=0;		level1_cnt_minus[2]=0
     level1_cnt_plus[3]=0;		level1_cnt_minus[3]=0
     level1_cnt_plus[4]=0;		level1_cnt_minus[4]=0
     level1_cnt_plus[5]=0;		level1_cnt_minus[5]=0
     level1_cnt_plus[6]=0;		level1_cnt_minus[6]=0
     level1_cnt_plus[7]=0;		level1_cnt_minus[7]=0
     level1_cnt_plus[8]=0;		level1_cnt_minus[8]=0
     level1_cnt_plus[9]=0;		level1_cnt_minus[9]=0
FYI: m_iteration_count = 2
FYI: level1 statistics:
     level1_cnt_plus[1]=86400;		level1_cnt_minus[1]=0
     level1_cnt_plus[2]=0;		level1_cnt_minus[2]=0
     level1_cnt_plus[3]=0;		level1_cnt_minus[3]=0
     level1_cnt_plus[4]=0;		level1_cnt_minus[4]=0
     level1_cnt_plus[5]=0;		level1_cnt_minus[5]=0
     level1_cnt_plus[6]=0;		level1_cnt_minus[6]=0
     level1_cnt_plus[7]=0;		level1_cnt_minus[7]=0
     level1_cnt_plus[8]=0;		level1_cnt_minus[8]=0
     level1_cnt_plus[9]=0;		level1_cnt_minus[9]=0
Refinement input: 116757 bricks
Setting regions...OK (0.033 s)
	Re-balancing...
	Send and create bricks on destination sub meshes...
	Collecting ghosts...
	Balancing finished.
Refinement result: 408048 bricks (0.212 s)
Collecting and processing rays...OK (0.258 s)
Capturing...OK (0.049 s)
FYI: m_iteration_count = 3
FYI: level1 statistics:
     level1_cnt_plus[1]=149340;		level1_cnt_minus[1]=0
     level1_cnt_plus[2]=239968;		level1_cnt_minus[2]=0
     level1_cnt_plus[3]=0;		level1_cnt_minus[3]=0
     level1_cnt_plus[4]=0;		level1_cnt_minus[4]=0
     level1_cnt_plus[5]=0;		level1_cnt_minus[5]=0
     level1_cnt_plus[6]=0;		level1_cnt_minus[6]=0
     level1_cnt_plus[7]=0;		level1_cnt_minus[7]=0
     level1_cnt_plus[8]=0;		level1_cnt_minus[8]=0
     level1_cnt_plus[9]=0;		level1_cnt_minus[9]=0
Refinement input: 408048 bricks
Setting regions...OK (0.034 s)
Refinement result: 413452 bricks (0.116 s)
Collecting and processing rays...OK (0.017 s)
Capturing...OK (0.006 s)
FYI: m_iteration_count = 4
FYI: level1 statistics:
     level1_cnt_plus[1]=150962;		level1_cnt_minus[1]=0
     level1_cnt_plus[2]=244016;		level1_cnt_minus[2]=0
     level1_cnt_plus[3]=0;		level1_cnt_minus[3]=0
     level1_cnt_plus[4]=0;		level1_cnt_minus[4]=0
     level1_cnt_plus[5]=0;		level1_cnt_minus[5]=0
     level1_cnt_plus[6]=0;		level1_cnt_minus[6]=0
     level1_cnt_plus[7]=0;		level1_cnt_minus[7]=0
     level1_cnt_plus[8]=0;		level1_cnt_minus[8]=0
     level1_cnt_plus[9]=0;		level1_cnt_minus[9]=0
Refinement input: 413452 bricks
Setting regions...OK (0.034 s)
Refinement result: 413592 bricks (0.102 s)
Collecting and processing rays...OK (0.012 s)
Capturing...OK (0.003 s)
FYI: m_iteration_count = 5
FYI: level1 statistics:
     level1_cnt_plus[1]=150978;		level1_cnt_minus[1]=0
     level1_cnt_plus[2]=244144;		level1_cnt_minus[2]=0
     level1_cnt_plus[3]=0;		level1_cnt_minus[3]=0
     level1_cnt_plus[4]=0;		level1_cnt_minus[4]=0
     level1_cnt_plus[5]=0;		level1_cnt_minus[5]=0
     level1_cnt_plus[6]=0;		level1_cnt_minus[6]=0
     level1_cnt_plus[7]=0;		level1_cnt_minus[7]=0
     level1_cnt_plus[8]=0;		level1_cnt_minus[8]=0
     level1_cnt_plus[9]=0;		level1_cnt_minus[9]=0
Refinement input: 413592 bricks
Setting regions...OK (0.034 s)
Refinement result: 413627 bricks (0.097 s)
Collecting and processing rays...OK (0.012 s)
Capturing...OK (0.004 s)
FYI: m_iteration_count = 6
FYI: level1 statistics:
     level1_cnt_plus[1]=150973;		level1_cnt_minus[1]=0
     level1_cnt_plus[2]=244184;		level1_cnt_minus[2]=0
     level1_cnt_plus[3]=0;		level1_cnt_minus[3]=0
     level1_cnt_plus[4]=0;		level1_cnt_minus[4]=0
     level1_cnt_plus[5]=0;		level1_cnt_minus[5]=0
     level1_cnt_plus[6]=0;		level1_cnt_minus[6]=0
     level1_cnt_plus[7]=0;		level1_cnt_minus[7]=0
     level1_cnt_plus[8]=0;		level1_cnt_minus[8]=0
     level1_cnt_plus[9]=0;		level1_cnt_minus[9]=0
FYI: m_iteration_count = 7
FYI: level1 statistics:
     level1_cnt_plus[1]=150973;		level1_cnt_minus[1]=0
     level1_cnt_plus[2]=244184;		level1_cnt_minus[2]=0
     level1_cnt_plus[3]=0;		level1_cnt_minus[3]=0
     level1_cnt_plus[4]=0;		level1_cnt_minus[4]=0
     level1_cnt_plus[5]=0;		level1_cnt_minus[5]=0
     level1_cnt_plus[6]=0;		level1_cnt_minus[6]=0
     level1_cnt_plus[7]=0;		level1_cnt_minus[7]=0
     level1_cnt_plus[8]=0;		level1_cnt_minus[8]=0
     level1_cnt_plus[9]=0;		level1_cnt_minus[9]=0
FYI: level1 statistics:
     level1_cnt_plus[1]=150973;		level1_cnt_minus[1]=0
     level1_cnt_plus[2]=244184;		level1_cnt_minus[2]=0
     level1_cnt_plus[3]=0;		level1_cnt_minus[3]=0
     level1_cnt_plus[4]=0;		level1_cnt_minus[4]=0
     level1_cnt_plus[5]=0;		level1_cnt_minus[5]=0
     level1_cnt_plus[6]=0;		level1_cnt_minus[6]=0
     level1_cnt_plus[7]=0;		level1_cnt_minus[7]=0
     level1_cnt_plus[8]=0;		level1_cnt_minus[8]=0
     level1_cnt_plus[9]=0;		level1_cnt_minus[9]=0
	CNarrowChannelRefiner::ChannelsResolution            function_total                0      = 2.37402 sec

-----------------------------------------------------------------------
U-shapes refinement...
Refinement input: 413627 bricks
Refinement result: 413627 bricks (0.047 s)
Collecting and processing rays...OK (0.007 s)
Capturing...OK (0.003 s)
-----------------------------------------------------------------------

-----------------------------------------------------------------------
Equi Distant Refiner:
Equi Distant Refiner takes 0.00 s
-----------------------------------------------------------------------
Building geometry takes 2.763 s
Geometry Fluid.0.
Total		413627
Partial	112842
Fluid		229516
Solid		71269
Bad		0

/-Ray Intersection---------------/ Time	0.365 s
Calls			40703
CorrectRay Calls	0


Building geometries takes 2.77 s
-----------------------------------------------------------------------

-----------------------------------------------------------------------
PostBuilding geometries:
PostBuilding geometries takes 0.007 s
-----------------------------------------------------------------------
Defect ray count	0
FYI: CNarrowChannelRefiner::RedistributeLevel1_step_1: is finished
FYI: level1 statistics:
     level1_cnt_plus[1]=61106;		level1_cnt_minus[1]=0
     level1_cnt_plus[2]=334051;		level1_cnt_minus[2]=0
     level1_cnt_plus[3]=0;		level1_cnt_minus[3]=0
     level1_cnt_plus[4]=0;		level1_cnt_minus[4]=0
     level1_cnt_plus[5]=0;		level1_cnt_minus[5]=0
     level1_cnt_plus[6]=0;		level1_cnt_minus[6]=0
     level1_cnt_plus[7]=0;		level1_cnt_minus[7]=0
     level1_cnt_plus[8]=0;		level1_cnt_minus[8]=0
     level1_cnt_plus[9]=0;		level1_cnt_minus[9]=0
FYI: CNarrowChannelRefiner::RedistributeLevel1_step_2: is started
FYI: CNarrowChannelRefiner::RedistributeLevel1_step_2: is finished
FYI: level1 statistics:
     level1_cnt_plus[1]=61835;		level1_cnt_minus[1]=0
     level1_cnt_plus[2]=335661;		level1_cnt_minus[2]=0
     level1_cnt_plus[3]=0;		level1_cnt_minus[3]=0
     level1_cnt_plus[4]=0;		level1_cnt_minus[4]=0
     level1_cnt_plus[5]=0;		level1_cnt_minus[5]=0
     level1_cnt_plus[6]=0;		level1_cnt_minus[6]=0
     level1_cnt_plus[7]=0;		level1_cnt_minus[7]=0
     level1_cnt_plus[8]=0;		level1_cnt_minus[8]=0
     level1_cnt_plus[9]=0;		level1_cnt_minus[9]=0
FYI: CNarrowChannelRefiner::RedistributeLevel1_step_3: is started
FYI: CNarrowChannelRefiner::RedistributeLevel1_step_3: is finished
RedistributeLevel1 takes:
	CNarrowChannelRefiner::RedistributeLevel1            function_total                0      = 0.848228 sec
FYI: level1 statistics:
     level1_cnt_plus[1]=61835;		level1_cnt_minus[1]=238
     level1_cnt_plus[2]=335661;		level1_cnt_minus[2]=337
     level1_cnt_plus[3]=0;		level1_cnt_minus[3]=0
     level1_cnt_plus[4]=0;		level1_cnt_minus[4]=0
     level1_cnt_plus[5]=0;		level1_cnt_minus[5]=0
     level1_cnt_plus[6]=0;		level1_cnt_minus[6]=0
     level1_cnt_plus[7]=0;		level1_cnt_minus[7]=0
     level1_cnt_plus[8]=0;		level1_cnt_minus[8]=0
     level1_cnt_plus[9]=0;		level1_cnt_minus[9]=0
-----------------------------------------------------------------------
BCF-Builder Iteration: 0
Memory Working Set Current = 318.41 Mb, Memory Working Set Peak = 547.28 Mb
Process Threads Number: 21
Loading geometries triangulation & x-stacks...OK
x-stacks size = 3.31 Mb
	Sub-mesh 0:
		Total  brick(s) 56112
		Native brick(s) 53652
		Inner  brick(s) 51893
		Outer  brick(s) 1759
		Ghost  brick(s) 2460
	Sub-mesh 1:
		Total  brick(s) 55497
		Native brick(s) 51475
		Inner  brick(s) 46513
		Outer  brick(s) 4962
		Ghost  brick(s) 4022
	Sub-mesh 2:
		Total  brick(s) 56904
		Native brick(s) 51398
		Inner  brick(s) 46162
		Outer  brick(s) 5236
		Ghost  brick(s) 5506
	Sub-mesh 3:
		Total  brick(s) 56660
		Native brick(s) 51363
		Inner  brick(s) 45863
		Outer  brick(s) 5500
		Ghost  brick(s) 5297
	Sub-mesh 4:
		Total  brick(s) 56384
		Native brick(s) 51258
		Inner  brick(s) 46395
		Outer  brick(s) 4863
		Ghost  brick(s) 5126
	Sub-mesh 5:
		Total  brick(s) 56044
		Native brick(s) 51006
		Inner  brick(s) 45894
		Outer  brick(s) 5112
		Ghost  brick(s) 5038
	Sub-mesh 6:
		Total  brick(s) 55930
		Native brick(s) 51006
		Inner  brick(s) 46062
		Outer  brick(s) 4944
		Ghost  brick(s) 4924
	Sub-mesh 7:
		Total  brick(s) 54914
		Native brick(s) 52469
		Inner  brick(s) 50027
		Outer  brick(s) 2442
		Ghost  brick(s) 2445
	Total brick(s) 413627

-----------------------------------------------------------------------
MSH (Real Geometry) format constructor:
Getting submesh brick sets...OK (0.018 s)
Level 2
	Inner time 2.008 s
	Outer Time 0.238 s
	Level Time 2.246 s
Level 1
	Inner time 0.179 s
	Outer Time 0.033 s
	Level Time 0.212 s
Level 0
	Inner time 0.009 s
	Outer Time 0.001 s
	Level Time 0.010 s

Brick parser time info:
	17.663 s - time_Run
		0.481 s - time_ConstructPoints
			0.395 s - time_ConstructPointsAddFind2
		0.773 s - time_ConstructPointsAndConnectsFromNb
		0.248 s - time_AddRibConnects
		1.380 s - time_ConstructBrickFacets
			0.438 s - time_GetPointsFaceSegments
			0.451 s - time_CalculateQpoints
				0.099 s - time_AddFacetPoint_GetFacesQpoint
					0.000 s - time_GetFacesQpoint_UShaped
						0.000 s - time_GetFacesQpoint2
					0.018 s - time_GetFacesQpoint_AddEdgesToList
					0.072 s - time_Edge_GetClosestPointOn
					0.016 s - time_Edge_NewtonMethod
					0.002 s - time_GetFacesQpoint_ManyFinds
				0.277 s - time_AddFacetPoint_AddQPoint
					0.256 s - time_PointReverseEvaluate
				0.001 s - time_AddFacetPoint_AddFind2
		0.000 s - time_RemoveOddConnects
		0.455 s - time_TestConnectivity
		0.033 s - time_ValidateXeps
		0.926 s - time_ConstructFaceAs
		0.124 s - time_ConstructCvs
		0.103 s - time_ConstructFaceWs
		0.291 s - time_RealGeomAddQPoints
		0.212 s - time_RealGeomAddNewFaces
		0.006 s - time_RealGeomInitOppositeGeomFaceInd
		0.290 s - time_RealGeomApproxCurveFaces
		0.000 s - time_Enum1
		0.000 s - time_Enum2
		0.043 s - time_RealGeomCheckInvalidConnects
		11.094 s - time_RealGeomParameters
			7.876 s - time_CalculateParametersOfCv
			2.954 s - time_CalculateParametersOfFace
				1.146 s - time_CalculateRR
				1.749 s - time_CalculateRefFaceData
				0.013 s - time_CalculateLambdaProjection
			0.216 s - time_SetFacesOrientation
Result:
	Bricks number:                        413627

	Memory usage:                         59.278 MB
	Memory usage (per brick):             0.147 KB
	Construction time:                    2.657 s

	Topology features:
	------------------
	- High quality bricks                 100.00 % (413621)
	- Medium quality bricks                 0.00 % (6)
	- Bad quality bricks                    0.00 % (0)
	- Ribs corrected bricks                 0.00 % (0)
	- Points with geom-info (bricks)        0.00 % (15)
	- Points with closest-info (bricks)     0.01 % (22)
	- Triangulated by center (bricks)       0.00 % (8)
	- Facet w-faces mergings (bricks)       0.00 % (0)
	- To refine (bricks)                    0.00 % (0)

Memory Working Set Current = 466.16 Mb, Memory Working Set Peak = 547.28 Mb
Process Threads Number: 21
-----------------------------------------------------------------------
-----------------------------------------------------------------------
MSH --> BCF format (Iteration 0)...
BCF collector...(remove mode=0)
	(4) Bcf collect time 0.857 s (71276 avs, 17992 fws)
	(6) Bcf collect time 0.859 s (70577 avs, 17841 fws)
	(1) Bcf collect time 0.866 s (70577 avs, 18263 fws)
	(2) Bcf collect time 0.856 s (72075 avs, 18407 fws)
	(3) Bcf collect time 0.870 s (73400 avs, 20083 fws)
	(5) Bcf collect time 0.866 s (72741 avs, 19900 fws)
	(7) Bcf collect time 0.957 s (71624 avs, 21211 fws)
	(0) Bcf collect time 1.002 s (72556 avs, 22489 fws)
	(5) Remove defect avs time 0.172 s
	(1) Remove defect avs time 0.172 s
	(7) Remove defect avs time 0.172 s
	(4) Remove defect avs time 0.172 s
	(6) Remove defect avs time 0.172 s
	(3) Remove defect avs time 0.172 s
	(2) Remove defect avs time 0.172 s
	(0) Remove defect avs time 0.172 s
Defect subdomain detector...
		1 subdomain(s) of gi=0 (real bodies = 1).
			Subdomain 0: 344484 av
		Get real subdoms time 0.000 s
		Mark defect subdomains by closed av...
		Mark by closed av time 0.019 s
		Mark defect subdomains by real bodies...
		0 defect subdomain(s) of gi=0.
		1 subdomain(s) of gi=1 (real bodies = 0).
			Subdomain 0: 186367 av
		Get real subdoms time 0.000 s
		0 defect subdomain(s) of gi=1.
	(6) Remove defect subdoms time 0.087 s
	(2) Remove defect subdoms time 0.087 s
	(0) Remove defect subdoms time 0.087 s
	(3) Remove defect subdoms time 0.087 s
	(5) Remove defect subdoms time 0.087 s
	(7) Remove defect subdoms time 0.087 s
	(4) Remove defect subdoms time 0.087 s
	(1) Remove defect subdoms time 0.087 s
NB-faces collector & conservator...
Sub-mesh 0.
	Conservated total=0 (bb-faces=0)
Sub-mesh 1.
	Conservated total=0 (bb-faces=0)
Sub-mesh 2.
	Conservated total=0 (bb-faces=0)
Sub-mesh 3.
	Conservated total=0 (bb-faces=0)
Sub-mesh 4.
	Conservated total=0 (bb-faces=0)
Sub-mesh 5.
	Conservated total=0 (bb-faces=0)
Sub-mesh 6.
	Conservated total=0 (bb-faces=0)
Sub-mesh 7.
	Conservated total=26 (bb-faces=0)
	(4) Bcf calc time 0.073 s
	(6) Bcf calc time 0.074 s
	(5) Bcf calc time 0.076 s
	(3) Bcf calc time 0.079 s
	(1) Bcf calc time 0.079 s
	(2) Bcf calc time 0.258 s
	(7) Bcf calc time 0.262 s
	(0) Bcf calc time 0.297 s
FACE_W optimizer ...
Sub-mesh 0.
	Before optimization total=35133 (fs=22489, ff=0, ss=0)
	After  optimization total=34819 (fs=22175, ff=0, ss=0)
Sub-mesh 1.
	Before optimization total=29593 (fs=18263, ff=0, ss=0)
	After  optimization total=29593 (fs=18263, ff=0, ss=0)
Sub-mesh 2.
	Before optimization total=32006 (fs=18407, ff=0, ss=0)
	After  optimization total=31999 (fs=18400, ff=0, ss=0)
Sub-mesh 3.
	Before optimization total=32864 (fs=20083, ff=0, ss=0)
	After  optimization total=32864 (fs=20083, ff=0, ss=0)
Sub-mesh 4.
	Before optimization total=31700 (fs=17992, ff=0, ss=0)
	After  optimization total=31700 (fs=17992, ff=0, ss=0)
Sub-mesh 5.
	Before optimization total=32128 (fs=19900, ff=0, ss=0)
	After  optimization total=32128 (fs=19900, ff=0, ss=0)
Sub-mesh 6.
	Before optimization total=31232 (fs=17841, ff=0, ss=0)
	After  optimization total=31232 (fs=17841, ff=0, ss=0)
Sub-mesh 7.
	Before optimization total=31239 (fs=21211, ff=0, ss=0)
	After  optimization total=30887 (fs=20859, ff=0, ss=0)
-----------------------------------------------------------------------
-----------------------------------------------------------------------
Merging BCF...
Merging bricks trees...OK (0.20 s)
Merging av data...OK (0.13 s)
Merging a-faces data (fluid)...
	New a-face count   998706
	Bound a-face count 14498 (1.45 %)
Merging a-faces data takes 0.18 s
Merging a-faces data (solid)...
	New a-face count   510707
	Bound a-face count 7632 (1.49 %)
Merging a-faces data takes 0.11 s
Merging w-faces data...
	New w-face count   189394
	Bound w-face count 0 (0.00 %)
	Need fw-nb         23296 (12.30 %)
Merging w-faces data takes 0.21 s
Merging BCF takes (1.02 s)
-----------------------------------------------------------------------

-----------------------------------------------------------------------
Geometrical diagonal nb-faces collector (cpu_num=8)...
	Time=0.238s.
-----------------------------------------------------------------------
Fluid Subdom Constructor: 1 subdom(s).
	Remove nb-fw from diff subdomains (fs)...
		Diff subdomains cases         0
-----------------------------------------------------------------------
Mega-cv constructor for fluid...
	 2210 av's is treated as thin
Relative size generator (threshold = 0.05)...OK
	 5844 mega-cv's generated
	 38 mega-cv's removed
Convert clusters:
	 5806 mega-cv's total
Mega-cv count: 5806
-----------------------------------------------------------------------
Mixing plane rotation regions: NO.
Sliding mesh rotation regions: NO.
Fluid/fluid faces: NO.

-----------------------------------------------------------------------
BCF CHECKSUM DATA (Mesh 0):

FACE_A Area Sum:   G.Fluid        37.2203903558406353
FACE_A Area Sum:   G.Solid        15.5035894270172072
FACE_W Area Sum:                  5.9256462743614513
FACE_W Nb   Sum:                  1367540
FACE_W min curvatures sum:        -1491453.75218958
FACE_W max curvatures sum:        2825764.34771543
AV Max Disbalance: G.Fluid        1.03079e-10 (cid=324089, avid=267331, pid=90464)
AV Max Disbalance: G.Solid        3.73388e-11 (cid=324117, avid=493543, pid=92297)
-----------------------------------------------------------------------


-----------------------------------------------------------------------
MESHER TOPOLOGY DATA (Mesh 0):

BRICKS: Total                 413627
BRICKS: 1-CV                  298659
BRICKS: 2-CV                  112712
BRICKS: 3-CV                  2256
BRICKS: Bad                   0

AV:     G.Total               530851
AV:     G.Fluid               344484
AV:     G.Solid               186367

AV:     G.Fluid Thin Profile    0.65 % (2256)
AV:     G.Solid Thin Profile    0.00 % (0)

AV:     G.Fluid Thin For Mega   0.64 % (2210)
AV:     G.Solid Thin For Mega   0.00 % (0)

AV:     G.Fluid Non-Convex      2.81 % (9693)
AV:     G.Solid Non-Convex      6.94 % (12930)

FACE_A: G.Fluid          (af) 998706 (partially opened 231526)
FACE_A: G.Solid          (as) 510707 (partially opened 235864)

FACE_W: G.Total                 189394      Brick/Bound
FACE_W: G.Fluid/Solid    (fs_g) 143631      0           
FACE_W: G.Fluid/Fluid    (ff_g) 0           0           
FACE_W: G.Solid/Solid    (ss_g) 0           0           
FACE_W: G.Fluid/External (fe_g) 0
FACE_W: G.Solid/External (se_g) 45763

AV/CV max fa count (on brick side):5
AV/CV max fw count:                5
AV/CV max fw poly count:           13

MEMORY: Total                   181.237 MB
MEMORY: Per Brick               0.449 KB
-----------------------------------------------------------------------

----------------------------------------------------------
BCF --> BCF.GEOMSUBDOM (bridge arrays) (cpu_num=8):
MESH (0):
	Fluid Subdom Constructor: 1 subdom(s).
	Solid Subdom Constructor: 1 subdom(s).
	Net Asm Subdom Constructor: 0 subdom(s).
	GEOMSUBDOM (0): gi=0 fluid av=344484 cv=338448 fa=998706 fw=143631 V=1.004416e-01
	GEOMSUBDOM (1): gi=1 solid av=186367 cv=186367 fa=510707 fw=189394 V=5.020889e-02
	Setting nb of w-faces...OK.

MESH (0) checking:
	GEOMSUBDOM (0):fa_s=37.2203903558406068 fw_s=3.5324367501175891 fw_nb=1180634
	GEOMSUBDOM (1):fa_s=15.5035894270172996 fw_s=5.9256462743614611 fw_nb=1367540
MESH (0) checking: OK.
----------------------------------------------------------
-----------------------------------------------------------------------
Connectivities information:
	Number of conns: 0
-----------------------------------------------------------------------
-----------------------------------------------------------------------
Calculating curvature and tolerance criteria...
Curvature: min=0 max=3.14159
Tolerance: min=0 max=0.00562932
Calculating curvature and tolerance criteria takes 0.179 s
-----------------------------------------------------------------------
Current CPU = 11 sec

Nx=64
Ny=8
Nz=32
Max_RL=2
-----------------CModelBodies2MeshMapper::CollectData started -------------------------------
-----------------CModelBodies2MeshMapper Report -------------------------------
FluidDomains 1 SolidDomains 1 VoidDomains 0 
Domains RefIndexes
Domain 0, Index count 776
Domain 1, Index count 776
----------------- -------------------------------
	ModelBodies
Total resolved Bodies 0 BodySets 0

--------------------------------------------------------------------------
	Positive geometry Bodies
Total resolved Bodies 3 BodySets 1
BodySet 0
	Bodies list:
			#0	Name: ;	ID: ae9c4192-6149-45fe-ba4f-166d0ded1e2f
			#1	Name: ;	ID: 515e8fa7-3bb4-4e5a-9221-312bcb179307
			#2	Name: ;	ID: 3dc39887-8d2d-48da-a2c3-66fd87bbc2f1
	Domains list:		 0 
Warning: Disjoined bodies produce set:
		Name: ;	ID: ae9c4192-6149-45fe-ba4f-166d0ded1e2f
		Name: ;	ID: 515e8fa7-3bb4-4e5a-9221-312bcb179307
		Name: ;	ID: 3dc39887-8d2d-48da-a2c3-66fd87bbc2f1
	Associated Domains list:		 0 

--------------------------------------------------------------------------
	Fluid regions
Total resolved Bodies 3 BodySets 1
BodySet 0	Material: Air; 
	Bodies list:
			#0	Name: ;	ID: ae9c4192-6149-45fe-ba4f-166d0ded1e2f
			#1	Name: ;	ID: 515e8fa7-3bb4-4e5a-9221-312bcb179307
			#2	Name: ;	ID: 3dc39887-8d2d-48da-a2c3-66fd87bbc2f1
	Domains list:		 0 

--------------------------------------------------------------------------
-----------------CModelBodies2MeshMapper::CollectData finished successfully-------------------
Saving initial mesh in: C:\Users\Open AG\Documents\GitHub\openag-mechanical\prj\germinator v3\2\2.fld .
Storing results...
Estimated CPT size=82.407 MB.
OK
Memory Working Set Current = 802.06 Mb, Memory Working Set Peak = 928.86 Mb
Process Threads Number: 21
Cleaning memory...
Free Geometry DB takes 0.018 s
Copying... OK

------------------------------------------------------------------------------------------------------------
CPU report:
Function                                             CPU           descriptor                    nproc     
------------------------------------------------------------------------------------------------------------
CCmnMesherData::GetGeometryFromDataBase              0.687 sec   function_total               
CCmnMesherData::GetGeometryFromDataBase              0.090 sec   InitGeometryTriangles        
CCptMesherData::PrepareMappedTriangles               0.234 sec   function_total               
CCmnMesherData::SwapGeometries                       0.000 sec   function_total               
CCptMesherData::PreBuild                             0.004 sec   function_total               
CCptMesherData::SetBrickRegion                       0.162 sec   function_total               
CCptMesherData::Build                                2.784 sec   function_total               
CCptMesherData::BuildGeometry                        2.763 sec   function_total               
CCmnMesherData::ActivateAllCellsParameters           0.014 sec   function_total               
CCptMesherData::RefineByTriangles                    0.294 sec   function_total               
CCmnMesherData::CaptureRefined                       0.566 sec   function_total               
CRayCollector::GetMultiRaysIntersections             0.091 sec   full                         
CRayCollector::CorrectRays2                          0.301 sec   full                         
CRayCollector::CorrectRays2                          0.074 sec   stage_1_collect_undefined_vertices1
CRayCollector::CorrectRays2                          0.087 sec   collect_bad_rays             
CRayCollector::CorrectRays2                          0.115 sec   stage2_correct_ray           
CCptMesherData::RefinePeculiarSurfaces               0.028 sec   function_total               
CNarrowChannelRefiner::ChannelsResolution            2.374 sec   function_total               
CNarrowChannelRefiner::RefineChannels_PRLL           2.362 sec   function_total               
CNarrowChannelRefiner::GetMainNormals                0.410 sec   function_total               
CNarrowChannelRefiner::GetMainNormals                0.247 sec   function_total               
CNarrowChannelRefiner::GetMainNormals                0.214 sec   function_total               
CNarrowChannelRefiner::GetMainNormals                0.253 sec   function_total               
CNarrowChannelRefiner::GetMainNormals                0.230 sec   function_total               
CNarrowChannelRefiner::GetMainNormals                0.230 sec   function_total               
CNarrowChannelRefiner::GetMainNormals                0.234 sec   function_total               
CNarrowChannelRefiner::GetMainNormals                0.317 sec   function_total               
CNarrowChannelRefiner::facade_bricks_of_brick_dirv   0.481 sec   function_total               
CNarrowChannelRefiner::facade_bricks_of_brick_dirv   0.270 sec   function_total               
CNarrowChannelRefiner::facade_bricks_of_brick_dirv   0.234 sec   function_total               
CNarrowChannelRefiner::facade_bricks_of_brick_dirv   0.261 sec   function_total               
CNarrowChannelRefiner::facade_bricks_of_brick_dirv   0.240 sec   function_total               
CNarrowChannelRefiner::facade_bricks_of_brick_dirv   0.236 sec   function_total               
CNarrowChannelRefiner::facade_bricks_of_brick_dirv   0.256 sec   function_total               
CNarrowChannelRefiner::facade_bricks_of_brick_dirv   0.329 sec   function_total               
CNarrowChannelRefiner::next_brick_on_ray             0.433 sec   function_total               
CNarrowChannelRefiner::next_brick_on_ray             0.235 sec   function_total               
CNarrowChannelRefiner::next_brick_on_ray             0.204 sec   function_total               
CNarrowChannelRefiner::next_brick_on_ray             0.226 sec   function_total               
CNarrowChannelRefiner::next_brick_on_ray             0.213 sec   function_total               
CNarrowChannelRefiner::next_brick_on_ray             0.204 sec   function_total               
CNarrowChannelRefiner::next_brick_on_ray             0.227 sec   function_total               
CNarrowChannelRefiner::next_brick_on_ray             0.296 sec   function_total               
CNarrowChannelRefiner::RefineChannels_PRLL           1.055 sec   NCR_execute_refinement       
CCptMesherData::BuildGeometry                        0.000 sec   equidistant_refiner          
CNarrowChannelRefiner::RedistributeLevel1            0.868 sec   function_total               
CTPBuilder::build_bcf                                6.952 sec   function_total               
CTPBuilder::bcf_builder                              5.682 sec   function_total               
CCmnMesherData::LoadTrianglesAndXSL                  0.001 sec   function_total               
CTPBuilder::collect_msh_format                       2.676 sec   function_total               
CTPBuilder::Run                                      1.559 sec   bcf_collect                  
CTPBuilder::Run                                      1.419 sec   bcf_merge                    
CTPBuilder::build_bcf                                0.525 sec   collect_mega_cv              
CTPBuilder::build_bcf                                0.568 sec   convert_to_mds_function      
CTPBuilder::build_bcf                                0.000 sec   sector_periodicity           
CCptMesherData::CalculateCurvatureAndToleranceCriteria 0.179 sec   function_total               
CCptMesherData::CreateMesh                           0.021 sec   bodies_2_mesh_mapper         
CCptMesherData::StoreCptFile                         1.996 sec   function_total               
CCptMesherData::FreeMesherData                       0.521 sec   function_total               
------------------------------------------------------------------------------------------------------------

Mesh generation normally finished at	1.8.2018	10:19:23
Mesher CPU = 14 sec
Mesher is finished at	1.8.2018	10:19:23
Algebra Pool      : mem_usage = 12.06 Mb, allocated count = 0
Log ended at 1.8.2018	10:19:23
